{"name": "test_product_view_sku", "status": "broken", "statusDetails": {"message": "selenium.common.exceptions.NoSuchElementException: Message: no such element: Unable to locate element: {\"method\":\"css selector\",\"selector\":\"[class*='tab-best_sellers']\"}\n  (Session info: chrome=116.0.5845.96); For documentation on this error, please visit: https://www.selenium.dev/documentation/webdriver/troubleshooting/errors#no-such-element-exception\nStacktrace:\n0   chromedriver                        0x00000001016bd638 chromedriver + 5002808\n1   chromedriver                        0x00000001016b4a53 chromedriver + 4966995\n2   chromedriver                        0x0000000101265a57 chromedriver + 449111\n3   chromedriver                        0x00000001012abd05 chromedriver + 736517\n4   chromedriver                        0x00000001012abec1 chromedriver + 736961\n5   chromedriver                        0x00000001012eff04 chromedriver + 1015556\n6   chromedriver                        0x00000001012d241d chromedriver + 893981\n7   chromedriver                        0x00000001012ed391 chromedriver + 1004433\n8   chromedriver                        0x00000001012d21c3 chromedriver + 893379\n9   chromedriver                        0x000000010129ddf9 chromedriver + 679417\n10  chromedriver                        0x000000010129efde chromedriver + 683998\n11  chromedriver                        0x000000010167a2d9 chromedriver + 4727513\n12  chromedriver                        0x000000010167f2de chromedriver + 4747998\n13  chromedriver                        0x000000010163d2c9 chromedriver + 4477641\n14  chromedriver                        0x000000010168002d chromedriver + 4751405\n15  chromedriver                        0x00000001016530ec chromedriver + 4567276\n16  chromedriver                        0x000000010169d7f8 chromedriver + 4872184\n17  chromedriver                        0x000000010169d9b7 chromedriver + 4872631\n18  chromedriver                        0x00000001016ada1f chromedriver + 4938271\n19  libsystem_pthread.dylib             0x00007ff80943b1d3 _pthread_start + 125\n20  libsystem_pthread.dylib             0x00007ff809436bd3 thread_start + 15", "trace": "def test_product_view_sku():\n        \"\"\"\n        Test case WERT-1\n        \"\"\"\n    \t\t# Описываем опции запуска браузера\n        chrome_options = Options()\n        chrome_options.add_argument(\"start-maximized\") # открываем на полный экран\n        chrome_options.add_argument(\"--disable-infobars\") # отключаем инфо сообщения\n        chrome_options.add_argument(\"--disable-extensions\") # отключаем расширения\n        # chrome_options.add_argument(\"--headless\") # спец. режим \"без браузера\"\n    \n    \t\t# устанавливаем webdriver в соответствии с версией используемого браузера\n        service = Service()\n        # запускаем браузер с указанными выше настройками\n        driver = webdriver.Chrome(service=service, options=chrome_options)\n    \t\t# определяем адрес страницы для теста и переходим на неё\n        url = \"https://testqastudio.me/\"\n        driver.get(url=url)\n    \t\t# ищем по селектору элемент меню \"Бестселлеры\" и кликаем по нему\n>       element = driver.find_element(by=By.CSS_SELECTOR, value=\"[class*='tab-best_sellers']\")\n\ntests/test_smoke.py:29: \n_ _ _ _ _ _ _ _ _ _ _ _ _ _ _ _ _ _ _ _ _ _ _ _ _ _ _ _ _ _ _ _ _ _ _ _ _ _ _ _ \nenv/lib/python3.11/site-packages/selenium/webdriver/remote/webdriver.py:739: in find_element\n    return self.execute(Command.FIND_ELEMENT, {\"using\": by, \"value\": value})[\"value\"]\nenv/lib/python3.11/site-packages/selenium/webdriver/remote/webdriver.py:345: in execute\n    self.error_handler.check_response(response)\n_ _ _ _ _ _ _ _ _ _ _ _ _ _ _ _ _ _ _ _ _ _ _ _ _ _ _ _ _ _ _ _ _ _ _ _ _ _ _ _ \n\nself = <selenium.webdriver.remote.errorhandler.ErrorHandler object at 0x102bf79d0>\nresponse = {'status': 404, 'value': '{\"value\":{\"error\":\"no such element\",\"message\":\"no such element: Unable to locate element: {\\...ff80943b1d3 _pthread_start + 125\\\\n20  libsystem_pthread.dylib             0x00007ff809436bd3 thread_start + 15\\\\n\"}}'}\n\n    def check_response(self, response: Dict[str, Any]) -> None:\n        \"\"\"Checks that a JSON response from the WebDriver does not have an\n        error.\n    \n        :Args:\n         - response - The JSON response from the WebDriver server as a dictionary\n           object.\n    \n        :Raises: If the response contains an error message.\n        \"\"\"\n        status = response.get(\"status\", None)\n        if not status or status == ErrorCode.SUCCESS:\n            return\n        value = None\n        message = response.get(\"message\", \"\")\n        screen: str = response.get(\"screen\", \"\")\n        stacktrace = None\n        if isinstance(status, int):\n            value_json = response.get(\"value\", None)\n            if value_json and isinstance(value_json, str):\n                import json\n    \n                try:\n                    value = json.loads(value_json)\n                    if len(value) == 1:\n                        value = value[\"value\"]\n                    status = value.get(\"error\", None)\n                    if not status:\n                        status = value.get(\"status\", ErrorCode.UNKNOWN_ERROR)\n                        message = value.get(\"value\") or value.get(\"message\")\n                        if not isinstance(message, str):\n                            value = message\n                            message = message.get(\"message\")\n                    else:\n                        message = value.get(\"message\", None)\n                except ValueError:\n                    pass\n    \n        exception_class: Type[WebDriverException]\n        e = ErrorCode()\n        error_codes = [item for item in dir(e) if not item.startswith(\"__\")]\n        for error_code in error_codes:\n            error_info = getattr(ErrorCode, error_code)\n            if isinstance(error_info, list) and status in error_info:\n                exception_class = getattr(ExceptionMapping, error_code, WebDriverException)\n                break\n        else:\n            exception_class = WebDriverException\n    \n        if not value:\n            value = response[\"value\"]\n        if isinstance(value, str):\n            raise exception_class(value)\n        if message == \"\" and \"message\" in value:\n            message = value[\"message\"]\n    \n        screen = None  # type: ignore[assignment]\n        if \"screen\" in value:\n            screen = value[\"screen\"]\n    \n        stacktrace = None\n        st_value = value.get(\"stackTrace\") or value.get(\"stacktrace\")\n        if st_value:\n            if isinstance(st_value, str):\n                stacktrace = st_value.split(\"\\n\")\n            else:\n                stacktrace = []\n                try:\n                    for frame in st_value:\n                        line = frame.get(\"lineNumber\", \"\")\n                        file = frame.get(\"fileName\", \"<anonymous>\")\n                        if line:\n                            file = f\"{file}:{line}\"\n                        meth = frame.get(\"methodName\", \"<anonymous>\")\n                        if \"className\" in frame:\n                            meth = f\"{frame['className']}.{meth}\"\n                        msg = \"    at %s (%s)\"\n                        msg = msg % (meth, file)\n                        stacktrace.append(msg)\n                except TypeError:\n                    pass\n        if exception_class == UnexpectedAlertPresentException:\n            alert_text = None\n            if \"data\" in value:\n                alert_text = value[\"data\"].get(\"text\")\n            elif \"alert\" in value:\n                alert_text = value[\"alert\"].get(\"text\")\n            raise exception_class(message, screen, stacktrace, alert_text)  # type: ignore[call-arg]  # mypy is not smart enough here\n>       raise exception_class(message, screen, stacktrace)\nE       selenium.common.exceptions.NoSuchElementException: Message: no such element: Unable to locate element: {\"method\":\"css selector\",\"selector\":\"[class*='tab-best_sellers']\"}\nE         (Session info: chrome=116.0.5845.96); For documentation on this error, please visit: https://www.selenium.dev/documentation/webdriver/troubleshooting/errors#no-such-element-exception\nE       Stacktrace:\nE       0   chromedriver                        0x00000001016bd638 chromedriver + 5002808\nE       1   chromedriver                        0x00000001016b4a53 chromedriver + 4966995\nE       2   chromedriver                        0x0000000101265a57 chromedriver + 449111\nE       3   chromedriver                        0x00000001012abd05 chromedriver + 736517\nE       4   chromedriver                        0x00000001012abec1 chromedriver + 736961\nE       5   chromedriver                        0x00000001012eff04 chromedriver + 1015556\nE       6   chromedriver                        0x00000001012d241d chromedriver + 893981\nE       7   chromedriver                        0x00000001012ed391 chromedriver + 1004433\nE       8   chromedriver                        0x00000001012d21c3 chromedriver + 893379\nE       9   chromedriver                        0x000000010129ddf9 chromedriver + 679417\nE       10  chromedriver                        0x000000010129efde chromedriver + 683998\nE       11  chromedriver                        0x000000010167a2d9 chromedriver + 4727513\nE       12  chromedriver                        0x000000010167f2de chromedriver + 4747998\nE       13  chromedriver                        0x000000010163d2c9 chromedriver + 4477641\nE       14  chromedriver                        0x000000010168002d chromedriver + 4751405\nE       15  chromedriver                        0x00000001016530ec chromedriver + 4567276\nE       16  chromedriver                        0x000000010169d7f8 chromedriver + 4872184\nE       17  chromedriver                        0x000000010169d9b7 chromedriver + 4872631\nE       18  chromedriver                        0x00000001016ada1f chromedriver + 4938271\nE       19  libsystem_pthread.dylib             0x00007ff80943b1d3 _pthread_start + 125\nE       20  libsystem_pthread.dylib             0x00007ff809436bd3 thread_start + 15\n\nenv/lib/python3.11/site-packages/selenium/webdriver/remote/errorhandler.py:229: NoSuchElementException"}, "description": "\n    Test case WERT-1\n    ", "start": 1692291187541, "stop": 1692291242111, "uuid": "d3f06b92-1904-4e36-8c2c-22fddb04cb97", "historyId": "b182a51fe23b38aee766531a5bd60411", "testCaseId": "b182a51fe23b38aee766531a5bd60411", "fullName": "tests.test_smoke#test_product_view_sku", "labels": [{"name": "parentSuite", "value": "tests"}, {"name": "suite", "value": "test_smoke"}, {"name": "host", "value": "MBP-user.Dlink"}, {"name": "thread", "value": "8489-MainThread"}, {"name": "framework", "value": "pytest"}, {"name": "language", "value": "cpython3"}, {"name": "package", "value": "tests.test_smoke"}]}